<?xml version="1.0" encoding="UTF-8"?>
<!-- Generated by org.testng.reporters.JUnitReportReporter -->
<testsuite hostname="ACER" failures="0" tests="7" name="apitests.CrudOperation" time="10.599" errors="0" timestamp="2020-08-02T18:04:35 IST" skipped="0">
  <testcase classname="apitests.CrudOperation" name="getEmployeeDetailAndVerify" time="2.169"/>
  <system-out/>
  <testcase classname="apitests.CrudOperation" name="verifyEmployeeDetail" time="0.346"/>
  <system-out/>
  <testcase classname="apitests.CrudOperation" name="updateEmployee" time="0.229"/>
  <system-out/>
  <testcase classname="apitests.CrudOperation" name="getEmployeeDetail" time="0.195"/>
  <system-out/>
  <testcase classname="apitests.CrudOperation" name="getAllEmployees" time="0.277"/>
  <system-out/>
  <testcase classname="apitests.CrudOperation" name="addEmployee" time="7.185"/>
  <system-out/>
  <testcase classname="apitests.CrudOperation" name="deleteEmployee" time="0.198"/>
  <system-out/>
</testsuite> <!-- apitests.CrudOperation -->
